2018-05-27 14:09:57 [ INFO ] [ ZhihuSpider.java :147(topicFollowers)]  ===========topic  19711663========begin===========
2018-05-27 14:37:24 [ INFO ] [ RetryExec.java :96(execute)]  I/O exception (java.net.SocketException) caught when processing request to {s}->https://www.zhihu.com:443: Connection reset
2018-05-27 14:37:24 [ INFO ] [ RetryExec.java :112(execute)]  Retrying request to {s}->https://www.zhihu.com:443
2018-05-27 14:46:17 [ INFO ] [ ZhihuSpider.java :225(topicFollowers)]  exception,url_token:/hen-xiang-yong-xin-qu-ling-ting-shi-jie
2018-05-27 14:46:17 [ INFO ] [ ZhihuSpider.java :226(topicFollowers)]  exception,offset:4300
2018-05-27 14:46:17 [ INFO ] [ ZhihuSpider.java :227(topicFollowers)]  
java.lang.NullPointerException
	at ZhihuSpider.topicFollowers(ZhihuSpider.java:208)
	at ZhihuSpider.main(ZhihuSpider.java:43)
2018-05-27 15:56:54 [ INFO ] [ ZhihuSpider.java :58(questionFollowers)]  ===========topic  43667227========begin===========
2018-05-27 15:57:02 [ INFO ] [ ZhihuSpider.java :113(questionFollowers)]  exception,url_token:yang-er-57-36
2018-05-27 15:57:02 [ INFO ] [ ZhihuSpider.java :114(questionFollowers)]  exception,offset:170
2018-05-27 15:57:02 [ INFO ] [ ZhihuSpider.java :115(questionFollowers)]  
com.mysql.jdbc.exceptions.jdbc4.MySQLIntegrityConstraintViolationException: Duplicate entry '/yang-er-57-36' for key 'url_token'
	at sun.reflect.NativeConstructorAccessorImpl.newInstance0(Native Method)
	at sun.reflect.NativeConstructorAccessorImpl.newInstance(NativeConstructorAccessorImpl.java:57)
	at sun.reflect.DelegatingConstructorAccessorImpl.newInstance(DelegatingConstructorAccessorImpl.java:45)
	at java.lang.reflect.Constructor.newInstance(Constructor.java:526)
	at com.mysql.jdbc.Util.handleNewInstance(Util.java:377)
	at com.mysql.jdbc.Util.getInstance(Util.java:360)
	at com.mysql.jdbc.SQLError.createSQLException(SQLError.java:971)
	at com.mysql.jdbc.MysqlIO.checkErrorPacket(MysqlIO.java:3887)
	at com.mysql.jdbc.MysqlIO.checkErrorPacket(MysqlIO.java:3823)
	at com.mysql.jdbc.MysqlIO.sendCommand(MysqlIO.java:2435)
	at com.mysql.jdbc.MysqlIO.sqlQueryDirect(MysqlIO.java:2582)
	at com.mysql.jdbc.ConnectionImpl.execSQL(ConnectionImpl.java:2530)
	at com.mysql.jdbc.PreparedStatement.executeInternal(PreparedStatement.java:1907)
	at com.mysql.jdbc.PreparedStatement.execute(PreparedStatement.java:1199)
	at ZhihuSpider.questionFollowers(ZhihuSpider.java:109)
	at ZhihuSpider.main(ZhihuSpider.java:43)
2018-05-27 15:57:05 [ INFO ] [ ZhihuSpider.java :113(questionFollowers)]  exception,url_token:ai-de-meng-cai
2018-05-27 15:57:05 [ INFO ] [ ZhihuSpider.java :114(questionFollowers)]  exception,offset:250
2018-05-27 15:57:05 [ INFO ] [ ZhihuSpider.java :115(questionFollowers)]  
com.mysql.jdbc.exceptions.jdbc4.MySQLIntegrityConstraintViolationException: Duplicate entry '/ai-de-meng-cai' for key 'url_token'
	at sun.reflect.NativeConstructorAccessorImpl.newInstance0(Native Method)
	at sun.reflect.NativeConstructorAccessorImpl.newInstance(NativeConstructorAccessorImpl.java:57)
	at sun.reflect.DelegatingConstructorAccessorImpl.newInstance(DelegatingConstructorAccessorImpl.java:45)
	at java.lang.reflect.Constructor.newInstance(Constructor.java:526)
	at com.mysql.jdbc.Util.handleNewInstance(Util.java:377)
	at com.mysql.jdbc.Util.getInstance(Util.java:360)
	at com.mysql.jdbc.SQLError.createSQLException(SQLError.java:971)
	at com.mysql.jdbc.MysqlIO.checkErrorPacket(MysqlIO.java:3887)
	at com.mysql.jdbc.MysqlIO.checkErrorPacket(MysqlIO.java:3823)
	at com.mysql.jdbc.MysqlIO.sendCommand(MysqlIO.java:2435)
	at com.mysql.jdbc.MysqlIO.sqlQueryDirect(MysqlIO.java:2582)
	at com.mysql.jdbc.ConnectionImpl.execSQL(ConnectionImpl.java:2530)
	at com.mysql.jdbc.PreparedStatement.executeInternal(PreparedStatement.java:1907)
	at com.mysql.jdbc.PreparedStatement.execute(PreparedStatement.java:1199)
	at ZhihuSpider.questionFollowers(ZhihuSpider.java:109)
	at ZhihuSpider.main(ZhihuSpider.java:43)
